-------------------------------------------------------------------------------
Test set: isp.lab7.safehome.SafeHomeTest
-------------------------------------------------------------------------------
Tests run: 10, Failures: 9, Errors: 1, Skipped: 0, Time elapsed: 0.075 sec <<< FAILURE! - in isp.lab7.safehome.SafeHomeTest
whenWrongPinThrowInvalidPinException(isp.lab7.safehome.SafeHomeTest)  Time elapsed: 0.005 sec  <<< FAILURE!
java.lang.AssertionError: No exception should be added while creating new tenant
	at org.junit.Assert.fail(Assert.java:88)
	at isp.lab7.safehome.SafeHomeTest.whenWrongPinThrowInvalidPinException(SafeHomeTest.java:35)

whenTooManyAttemptsDoorPermanentlyLocked(isp.lab7.safehome.SafeHomeTest)  Time elapsed: 0 sec  <<< FAILURE!
java.lang.AssertionError: No exception should be thrown 
	at org.junit.Assert.fail(Assert.java:88)
	at isp.lab7.safehome.SafeHomeTest.whenTooManyAttemptsDoorPermanentlyLocked(SafeHomeTest.java:77)

whenTenantDoesNotExistThanTenantIsAdded(isp.lab7.safehome.SafeHomeTest)  Time elapsed: 0.004 sec  <<< ERROR!
java.lang.NullPointerException: null
	at isp.lab7.safehome.SafeHomeTest.whenTenantDoesNotExistThanTenantIsAdded(SafeHomeTest.java:156)

whenCorrectPinDoorOpen(isp.lab7.safehome.SafeHomeTest)  Time elapsed: 0.001 sec  <<< FAILURE!
java.lang.AssertionError: No exception should be added while creating new tenant
	at org.junit.Assert.fail(Assert.java:88)
	at isp.lab7.safehome.SafeHomeTest.whenCorrectPinDoorOpen(SafeHomeTest.java:24)

whenDoorPermanentlyLockedAndMasterKeyIsUsedThanRetriesCountShouldBeReset(isp.lab7.safehome.SafeHomeTest)  Time elapsed: 0 sec  <<< FAILURE!
java.lang.AssertionError: No exception should be thrown 
	at org.junit.Assert.fail(Assert.java:88)
	at isp.lab7.safehome.SafeHomeTest.whenDoorPermanentlyLockedAndMasterKeyIsUsedThanRetriesCountShouldBeReset(SafeHomeTest.java:113)

whenTenantRemovedAccessIsAlsoRemoved(isp.lab7.safehome.SafeHomeTest)  Time elapsed: 0.001 sec  <<< FAILURE!
java.lang.AssertionError: No exception should be added while creating new tenant
	at org.junit.Assert.fail(Assert.java:88)
	at isp.lab7.safehome.SafeHomeTest.whenTenantRemovedAccessIsAlsoRemoved(SafeHomeTest.java:191)

whenTenantAlreadyExistsThanExceptionShouldBeThrown(isp.lab7.safehome.SafeHomeTest)  Time elapsed: 0 sec  <<< FAILURE!
java.lang.AssertionError: No exception should be added while creating new tenant
	at org.junit.Assert.fail(Assert.java:88)
	at isp.lab7.safehome.SafeHomeTest.whenTenantAlreadyExistsThanExceptionShouldBeThrown(SafeHomeTest.java:165)

whenTenantNotFoundThanRemoveTenantThrowsException(isp.lab7.safehome.SafeHomeTest)  Time elapsed: 0.001 sec  <<< FAILURE!
java.lang.AssertionError: Wrong exception name.
	at org.junit.Assert.fail(Assert.java:88)
	at org.junit.Assert.assertTrue(Assert.java:41)
	at isp.lab7.safehome.SafeHomeTest.assertExceptionType(SafeHomeTest.java:205)
	at isp.lab7.safehome.SafeHomeTest.whenTenantNotFoundThanRemoveTenantThrowsException(SafeHomeTest.java:182)

whenEnterPinDoorRevertStatus(isp.lab7.safehome.SafeHomeTest)  Time elapsed: 0 sec  <<< FAILURE!
java.lang.AssertionError: No exception should be added while creating new tenant
	at org.junit.Assert.fail(Assert.java:88)
	at isp.lab7.safehome.SafeHomeTest.whenEnterPinDoorRevertStatus(SafeHomeTest.java:145)

whenTooManyAttemptsThrowTooManyAttemptsException(isp.lab7.safehome.SafeHomeTest)  Time elapsed: 0 sec  <<< FAILURE!
java.lang.AssertionError: No exception should be added while creating new tenant
	at org.junit.Assert.fail(Assert.java:88)
	at isp.lab7.safehome.SafeHomeTest.whenTooManyAttemptsThrowTooManyAttemptsException(SafeHomeTest.java:51)

