<?xml version="1.0" encoding="UTF-8"?>
<testsuite name="isp.lab7.safehome.SafeHomeTest" time="0.012" tests="10" errors="1" skipped="0" failures="9">
  <properties>
    <property name="java.runtime.name" value="Java(TM) SE Runtime Environment"/>
    <property name="java.vm.version" value="11.0.18+9-LTS-195"/>
    <property name="sun.boot.library.path" value="C:\Program Files\Java\jdk-11\bin"/>
    <property name="maven.multiModuleProjectDirectory" value="C:\Users\Cata\Documents\isp\isp-labs-2023-repo-baba-catalin-serban-30126\isp-lab-7-2023-master"/>
    <property name="java.vm.vendor" value="Oracle Corporation"/>
    <property name="java.vendor.url" value="https://openjdk.java.net/"/>
    <property name="guice.disable.misplaced.annotation.check" value="true"/>
    <property name="path.separator" value=";"/>
    <property name="java.vm.name" value="Java HotSpot(TM) 64-Bit Server VM"/>
    <property name="sun.os.patch.level" value=""/>
    <property name="user.script" value=""/>
    <property name="user.country" value="US"/>
    <property name="sun.java.launcher" value="SUN_STANDARD"/>
    <property name="test" value="isp.lab7.safehome.SafeHomeTest"/>
    <property name="java.vm.specification.name" value="Java Virtual Machine Specification"/>
    <property name="user.dir" value="C:\Users\Cata\Documents\isp\isp-labs-2023-repo-baba-catalin-serban-30126\isp-lab-7-2023-master"/>
    <property name="java.vm.compressedOopsMode" value="32-bit"/>
    <property name="java.runtime.version" value="11.0.18+9-LTS-195"/>
    <property name="java.awt.graphicsenv" value="sun.awt.Win32GraphicsEnvironment"/>
    <property name="os.arch" value="amd64"/>
    <property name="java.io.tmpdir" value="C:\Users\Cata\AppData\Local\Temp\"/>
    <property name="line.separator" value="&#10;"/>
    <property name="java.vm.specification.vendor" value="Oracle Corporation"/>
    <property name="user.variant" value=""/>
    <property name="os.name" value="Windows 10"/>
    <property name="maven.ext.class.path" value="C:\Program Files\NetBeans-17\netbeans\java\maven-nblib\netbeans-eventspy.jar"/>
    <property name="classworlds.conf" value="C:\Program Files\NetBeans-17\netbeans\java\maven\bin\m2.conf"/>
    <property name="sun.jnu.encoding" value="Cp1252"/>
    <property name="java.library.path" value="C:\Program Files\Java\jdk-11\bin;C:\Windows\Sun\Java\bin;C:\Windows\system32;C:\Windows;C:\Program Files\Common Files\Oracle\Java\javapath;C:\Windows\system32;C:\Windows;C:\Windows\System32\Wbem;C:\Windows\System32\WindowsPowerShell\v1.0\;C:\Windows\System32\OpenSSH\;C:\Program Files\MATLAB\R2022b\runtime\win64;C:\Program Files\MATLAB\R2022b\bin;C:\Program Files\Git\cmd;C:\Program Files (x86)\Microsoft SQL Server\160\Tools\Binn\;C:\Program Files\Microsoft SQL Server\160\Tools\Binn\;C:\Program Files\Microsoft SQL Server\Client SDK\ODBC\170\Tools\Binn\;C:\Program Files\Microsoft SQL Server\160\DTS\Binn\;C:\Program Files (x86)\Microsoft SQL Server\160\DTS\Binn\;C:\Program Files\Azure Data Studio\bin;C:\Users\Cata\AppData\Local\Microsoft\WindowsApps;;C:\Program Files\Azure Data Studio\bin;."/>
    <property name="maven.conf" value="C:\Program Files\NetBeans-17\netbeans\java\maven/conf"/>
    <property name="jdk.debug" value="release"/>
    <property name="java.class.version" value="55.0"/>
    <property name="java.specification.name" value="Java Platform API Specification"/>
    <property name="sun.management.compiler" value="HotSpot 64-Bit Tiered Compilers"/>
    <property name="os.version" value="10.0"/>
    <property name="library.jansi.path" value="C:\Program Files\NetBeans-17\netbeans\java\maven\lib\jansi-native"/>
    <property name="user.home" value="C:\Users\Cata"/>
    <property name="user.timezone" value="Europe/Athens"/>
    <property name="java.awt.printerjob" value="sun.awt.windows.WPrinterJob"/>
    <property name="file.encoding" value="UTF-8"/>
    <property name="java.specification.version" value="11"/>
    <property name="user.name" value="Cata"/>
    <property name="java.class.path" value="C:\Program Files\NetBeans-17\netbeans\java\maven\boot\plexus-classworlds-2.6.0.jar"/>
    <property name="java.vm.specification.version" value="11"/>
    <property name="sun.arch.data.model" value="64"/>
    <property name="sun.java.command" value="org.codehaus.plexus.classworlds.launcher.Launcher -Dtest=isp.lab7.safehome.SafeHomeTest -Dmaven.ext.class.path=C:\Program Files\NetBeans-17\netbeans\java\maven-nblib\netbeans-eventspy.jar -Dfile.encoding=UTF-8 --no-transfer-progress process-test-classes surefire:test"/>
    <property name="java.home" value="C:\Program Files\Java\jdk-11"/>
    <property name="user.language" value="en"/>
    <property name="java.specification.vendor" value="Oracle Corporation"/>
    <property name="awt.toolkit" value="sun.awt.windows.WToolkit"/>
    <property name="java.vm.info" value="mixed mode"/>
    <property name="java.version" value="11.0.18"/>
    <property name="java.vendor" value="Oracle Corporation"/>
    <property name="maven.home" value="C:\Program Files\NetBeans-17\netbeans\java\maven"/>
    <property name="file.separator" value="\"/>
    <property name="java.version.date" value="2023-01-17"/>
    <property name="java.vendor.url.bug" value="https://bugreport.java.com/bugreport/"/>
    <property name="sun.io.unicode.encoding" value="UnicodeLittle"/>
    <property name="sun.cpu.endian" value="little"/>
    <property name="java.vendor.version" value="18.9"/>
    <property name="sun.desktop" value="windows"/>
    <property name="sun.cpu.isalist" value="amd64"/>
  </properties>
  <testcase name="whenWrongPinThrowInvalidPinException" classname="isp.lab7.safehome.SafeHomeTest" time="0.005">
    <failure message="No exception should be added while creating new tenant" type="java.lang.AssertionError">java.lang.AssertionError: No exception should be added while creating new tenant
	at org.junit.Assert.fail(Assert.java:88)
	at isp.lab7.safehome.SafeHomeTest.whenWrongPinThrowInvalidPinException(SafeHomeTest.java:35)
</failure>
  </testcase>
  <testcase name="whenTooManyAttemptsDoorPermanentlyLocked" classname="isp.lab7.safehome.SafeHomeTest" time="0">
    <failure message="No exception should be thrown " type="java.lang.AssertionError">java.lang.AssertionError: No exception should be thrown 
	at org.junit.Assert.fail(Assert.java:88)
	at isp.lab7.safehome.SafeHomeTest.whenTooManyAttemptsDoorPermanentlyLocked(SafeHomeTest.java:77)
</failure>
  </testcase>
  <testcase name="whenTenantDoesNotExistThanTenantIsAdded" classname="isp.lab7.safehome.SafeHomeTest" time="0.004">
    <error type="java.lang.NullPointerException:">java.lang.NullPointerException: null
	at isp.lab7.safehome.SafeHomeTest.whenTenantDoesNotExistThanTenantIsAdded(SafeHomeTest.java:156)
</error>
  </testcase>
  <testcase name="whenCorrectPinDoorOpen" classname="isp.lab7.safehome.SafeHomeTest" time="0.001">
    <failure message="No exception should be added while creating new tenant" type="java.lang.AssertionError">java.lang.AssertionError: No exception should be added while creating new tenant
	at org.junit.Assert.fail(Assert.java:88)
	at isp.lab7.safehome.SafeHomeTest.whenCorrectPinDoorOpen(SafeHomeTest.java:24)
</failure>
  </testcase>
  <testcase name="whenDoorPermanentlyLockedAndMasterKeyIsUsedThanRetriesCountShouldBeReset" classname="isp.lab7.safehome.SafeHomeTest" time="0">
    <failure message="No exception should be thrown " type="java.lang.AssertionError">java.lang.AssertionError: No exception should be thrown 
	at org.junit.Assert.fail(Assert.java:88)
	at isp.lab7.safehome.SafeHomeTest.whenDoorPermanentlyLockedAndMasterKeyIsUsedThanRetriesCountShouldBeReset(SafeHomeTest.java:113)
</failure>
  </testcase>
  <testcase name="whenTenantRemovedAccessIsAlsoRemoved" classname="isp.lab7.safehome.SafeHomeTest" time="0.001">
    <failure message="No exception should be added while creating new tenant" type="java.lang.AssertionError">java.lang.AssertionError: No exception should be added while creating new tenant
	at org.junit.Assert.fail(Assert.java:88)
	at isp.lab7.safehome.SafeHomeTest.whenTenantRemovedAccessIsAlsoRemoved(SafeHomeTest.java:191)
</failure>
  </testcase>
  <testcase name="whenTenantAlreadyExistsThanExceptionShouldBeThrown" classname="isp.lab7.safehome.SafeHomeTest" time="0">
    <failure message="No exception should be added while creating new tenant" type="java.lang.AssertionError">java.lang.AssertionError: No exception should be added while creating new tenant
	at org.junit.Assert.fail(Assert.java:88)
	at isp.lab7.safehome.SafeHomeTest.whenTenantAlreadyExistsThanExceptionShouldBeThrown(SafeHomeTest.java:165)
</failure>
  </testcase>
  <testcase name="whenTenantNotFoundThanRemoveTenantThrowsException" classname="isp.lab7.safehome.SafeHomeTest" time="0.001">
    <failure message="Wrong exception name." type="java.lang.AssertionError">java.lang.AssertionError: Wrong exception name.
	at org.junit.Assert.fail(Assert.java:88)
	at org.junit.Assert.assertTrue(Assert.java:41)
	at isp.lab7.safehome.SafeHomeTest.assertExceptionType(SafeHomeTest.java:205)
	at isp.lab7.safehome.SafeHomeTest.whenTenantNotFoundThanRemoveTenantThrowsException(SafeHomeTest.java:182)
</failure>
  </testcase>
  <testcase name="whenEnterPinDoorRevertStatus" classname="isp.lab7.safehome.SafeHomeTest" time="0">
    <failure message="No exception should be added while creating new tenant" type="java.lang.AssertionError">java.lang.AssertionError: No exception should be added while creating new tenant
	at org.junit.Assert.fail(Assert.java:88)
	at isp.lab7.safehome.SafeHomeTest.whenEnterPinDoorRevertStatus(SafeHomeTest.java:145)
</failure>
  </testcase>
  <testcase name="whenTooManyAttemptsThrowTooManyAttemptsException" classname="isp.lab7.safehome.SafeHomeTest" time="0">
    <failure message="No exception should be added while creating new tenant" type="java.lang.AssertionError">java.lang.AssertionError: No exception should be added while creating new tenant
	at org.junit.Assert.fail(Assert.java:88)
	at isp.lab7.safehome.SafeHomeTest.whenTooManyAttemptsThrowTooManyAttemptsException(SafeHomeTest.java:51)
</failure>
  </testcase>
</testsuite>